2024-05-28 14:34:46,034.smoker_listening_worker.INFO ==================================================
2024-05-28 14:34:46,035.smoker_listening_worker.INFO Today is 2024-05-28 at 02:34 PM
2024-05-28 14:34:46,035.smoker_listening_worker.INFO Running on: nt Windows 10
2024-05-28 14:34:46,035.smoker_listening_worker.INFO Python version:  3.11.9
2024-05-28 14:34:46,035.smoker_listening_worker.INFO Python path: C:\Program Files\WindowsApps\PythonSoftwareFoundation.Python.3.11_3.11.2544.0_x64__qbz5n2kfra8p0
2024-05-28 14:34:46,036.smoker_listening_worker.INFO Working dir: C:\Users\bambe\OneDrive\Documents\NMSU\44671_StreamingData\Module_5\44671_streaming-05-smart-smoker
2024-05-28 14:34:46,036.smoker_listening_worker.INFO ==================================================
2024-05-28 14:34:46,050.smoker_listening_worker.INFO  [*] Ready for work. To exit press CTRL+C
2024-05-28 14:34:46,050.smoker_listening_worker.INFO  [x] Received Time: 05/22/21 12:35:10, Channel1: 105.3, Channel2: , Channel3: 
2024-05-28 14:34:47,051.smoker_listening_worker.INFO  [x] Done.
2024-05-28 14:34:47,054.smoker_listening_worker.INFO  [x] Received Time: 05/22/21 12:35:15, Channel1: 105.3, Channel2: , Channel3: 
2024-05-28 14:34:48,056.smoker_listening_worker.INFO  [x] Done.
2024-05-28 14:34:48,058.smoker_listening_worker.INFO  [x] Received Time: 05/22/21 12:36:10, Channel1: 106.9, Channel2: , Channel3: 
2024-05-28 14:34:49,059.smoker_listening_worker.INFO  [x] Done.
2024-05-28 14:34:49,060.smoker_listening_worker.INFO  [x] Received Time: 05/22/21 12:36:15, Channel1: 106.9, Channel2: , Channel3: 
2024-05-28 14:34:50,061.smoker_listening_worker.INFO  [x] Done.
2024-05-28 14:34:50,062.smoker_listening_worker.INFO  [x] Received Time: 05/22/21 12:37:10, Channel1: 111.9, Channel2: , Channel3: 
2024-05-28 14:34:51,064.smoker_listening_worker.INFO  [x] Done.
2024-05-28 14:34:51,066.smoker_listening_worker.INFO  [x] Received Time: 05/22/21 12:37:15, Channel1: 111.9, Channel2: , Channel3: 
2024-05-28 14:34:52,067.smoker_listening_worker.INFO  [x] Done.
2024-05-28 14:34:52,068.smoker_listening_worker.INFO  [x] Received Time: 05/22/21 12:38:10, Channel1: 114.2, Channel2: , Channel3: 
2024-05-28 14:34:53,069.smoker_listening_worker.INFO  [x] Done.
2024-05-28 14:34:53,070.smoker_listening_worker.INFO  [x] Received Time: 05/22/21 12:38:15, Channel1: 114.2, Channel2: , Channel3: 
2024-05-28 14:34:54,072.smoker_listening_worker.INFO  [x] Done.
2024-05-28 14:34:54,073.smoker_listening_worker.INFO  [x] Received Time: 05/22/21 12:39:10, Channel1: 115.5, Channel2: , Channel3: 
2024-05-28 14:34:54,549.smoker_listening_worker.ERROR  User interrupted continuous listening process.
2024-05-28 14:34:54,549.smoker_listening_worker.ERROR 
Closing connection. Goodbye.

