2024-05-31 10:41:20,970.smoker_producer.INFO ==================================================
2024-05-31 10:41:20,970.smoker_producer.INFO Today is 2024-05-31 at 10:41 AM
2024-05-31 10:41:20,970.smoker_producer.INFO Running on: nt Windows 10
2024-05-31 10:41:20,971.smoker_producer.INFO Python version:  3.11.9
2024-05-31 10:41:20,971.smoker_producer.INFO Python path: C:\Users\bambe\OneDrive\Documents\NMSU\44671_StreamingData\Module_5\44671_streaming-05-smart-smoker\.venv
2024-05-31 10:41:20,971.smoker_producer.INFO Working dir: C:\Users\bambe\OneDrive\Documents\NMSU\44671_StreamingData\Module_5\44671_streaming-05-smart-smoker
2024-05-31 10:41:20,971.smoker_producer.INFO ==================================================
2024-05-31 10:41:20,992.smoker_producer.INFO Queue '01-smoker-temp' declared.
2024-05-31 10:41:21,006.smoker_producer.INFO Queue '02-roast-temp' declared.
2024-05-31 10:41:21,017.smoker_producer.INFO Queue '03-ribs-temp' declared.
2024-05-31 10:41:21,024.smoker_producer.INFO  [x] Sent 'Time: 5/22/2024 12:20, Channel1: 84.2' to queue '01-smoker-temp'.
2024-05-31 10:41:21,038.smoker_producer.INFO  [x] Sent 'Time: 5/22/2024 12:20, Channel2: 60.2' to queue '02-roast-temp'.
2024-05-31 10:41:21,044.smoker_producer.INFO  [x] Sent 'Time: 5/22/2024 12:20, Channel3: 56.1' to queue '03-ribs-temp'.
2024-05-31 10:41:31,053.smoker_producer.INFO  [x] Sent 'Time: 5/22/2024 12:20, Channel1: 84.2' to queue '01-smoker-temp'.
2024-05-31 10:41:31,059.smoker_producer.INFO  [x] Sent 'Time: 5/22/2024 12:20, Channel2: 60.2' to queue '02-roast-temp'.
2024-05-31 10:41:31,091.smoker_producer.INFO  [x] Sent 'Time: 5/22/2024 12:20, Channel3: 56.2' to queue '03-ribs-temp'.
2024-05-31 10:41:41,105.smoker_producer.INFO  [x] Sent 'Time: 5/22/2024 12:21, Channel1: 87.6' to queue '01-smoker-temp'.
2024-05-31 10:41:41,112.smoker_producer.INFO  [x] Sent 'Time: 5/22/2024 12:21, Channel2: 60.3' to queue '02-roast-temp'.
2024-05-31 10:41:41,120.smoker_producer.INFO  [x] Sent 'Time: 5/22/2024 12:21, Channel3: 56.2' to queue '03-ribs-temp'.
2024-05-31 10:41:51,132.smoker_producer.INFO  [x] Sent 'Time: 5/22/2024 12:21, Channel1: 87.6' to queue '01-smoker-temp'.
2024-05-31 10:41:51,137.smoker_producer.INFO  [x] Sent 'Time: 5/22/2024 12:21, Channel2: 60.3' to queue '02-roast-temp'.
2024-05-31 10:41:51,144.smoker_producer.INFO  [x] Sent 'Time: 5/22/2024 12:21, Channel3: 56.4' to queue '03-ribs-temp'.
2024-05-31 10:42:01,156.smoker_producer.INFO  [x] Sent 'Time: 5/22/2024 12:22, Channel1: 86.3' to queue '01-smoker-temp'.
2024-05-31 10:42:01,162.smoker_producer.INFO  [x] Sent 'Time: 5/22/2024 12:22, Channel2: 60.4' to queue '02-roast-temp'.
2024-05-31 10:42:01,172.smoker_producer.INFO  [x] Sent 'Time: 5/22/2024 12:22, Channel3: 56.5' to queue '03-ribs-temp'.
2024-05-31 10:42:11,186.smoker_producer.INFO  [x] Sent 'Time: 5/22/2024 12:22, Channel1: 86.3' to queue '01-smoker-temp'.
2024-05-31 10:42:11,199.smoker_producer.INFO  [x] Sent 'Time: 5/22/2024 12:22, Channel2: 60.5' to queue '02-roast-temp'.
2024-05-31 10:42:11,210.smoker_producer.INFO  [x] Sent 'Time: 5/22/2024 12:22, Channel3: 56.5' to queue '03-ribs-temp'.
2024-05-31 10:42:21,218.smoker_producer.INFO  [x] Sent 'Time: 5/22/2024 12:23, Channel1: 92.0' to queue '01-smoker-temp'.
2024-05-31 10:42:21,224.smoker_producer.INFO  [x] Sent 'Time: 5/22/2024 12:23, Channel2: 60.5' to queue '02-roast-temp'.
2024-05-31 10:42:21,232.smoker_producer.INFO  [x] Sent 'Time: 5/22/2024 12:23, Channel3: 56.6' to queue '03-ribs-temp'.
2024-05-31 10:42:31,243.smoker_producer.INFO  [x] Sent 'Time: 5/22/2024 12:23, Channel1: 92.0' to queue '01-smoker-temp'.
2024-05-31 10:42:31,250.smoker_producer.INFO  [x] Sent 'Time: 5/22/2024 12:23, Channel2: 60.6' to queue '02-roast-temp'.
2024-05-31 10:42:31,258.smoker_producer.INFO  [x] Sent 'Time: 5/22/2024 12:23, Channel3: 56.7' to queue '03-ribs-temp'.
2024-05-31 10:42:41,268.smoker_producer.INFO  [x] Sent 'Time: 5/22/2024 12:24, Channel1: 96.8' to queue '01-smoker-temp'.
2024-05-31 10:42:41,275.smoker_producer.INFO  [x] Sent 'Time: 5/22/2024 12:24, Channel2: 60.6' to queue '02-roast-temp'.
2024-05-31 10:42:41,284.smoker_producer.INFO  [x] Sent 'Time: 5/22/2024 12:24, Channel3: 56.8' to queue '03-ribs-temp'.
2024-05-31 10:42:51,292.smoker_producer.INFO  [x] Sent 'Time: 5/22/2024 12:24, Channel1: 96.8' to queue '01-smoker-temp'.
2024-05-31 10:42:51,299.smoker_producer.INFO  [x] Sent 'Time: 5/22/2024 12:24, Channel2: 60.7' to queue '02-roast-temp'.
2024-05-31 10:42:51,310.smoker_producer.INFO  [x] Sent 'Time: 5/22/2024 12:24, Channel3: 56.9' to queue '03-ribs-temp'.
2024-05-31 10:43:01,321.smoker_producer.INFO  [x] Sent 'Time: 5/22/2024 12:25, Channel1: 100.6' to queue '01-smoker-temp'.
2024-05-31 10:43:01,326.smoker_producer.INFO  [x] Sent 'Time: 5/22/2024 12:25, Channel2: 60.8' to queue '02-roast-temp'.
2024-05-31 10:43:01,336.smoker_producer.INFO  [x] Sent 'Time: 5/22/2024 12:25, Channel3: 57.0' to queue '03-ribs-temp'.
2024-05-31 10:43:11,364.smoker_producer.INFO  [x] Sent 'Time: 5/22/2024 12:25, Channel1: 100.9' to queue '01-smoker-temp'.
2024-05-31 10:43:11,373.smoker_producer.INFO  [x] Sent 'Time: 5/22/2024 12:25, Channel2: 60.8' to queue '02-roast-temp'.
2024-05-31 10:43:11,381.smoker_producer.INFO  [x] Sent 'Time: 5/22/2024 12:25, Channel3: 57.1' to queue '03-ribs-temp'.
2024-05-31 10:43:21,391.smoker_producer.INFO  [x] Sent 'Time: 5/22/2024 12:25, Channel1: 100.9' to queue '01-smoker-temp'.
2024-05-31 10:43:21,396.smoker_producer.INFO  [x] Sent 'Time: 5/22/2024 12:25, Channel2: 60.9' to queue '02-roast-temp'.
2024-05-31 10:43:21,402.smoker_producer.INFO  [x] Sent 'Time: 5/22/2024 12:25, Channel3: 57.2' to queue '03-ribs-temp'.
2024-05-31 10:43:31,415.smoker_producer.INFO  [x] Sent 'Time: 5/22/2024 12:26, Channel1: 104.8' to queue '01-smoker-temp'.
2024-05-31 10:43:31,421.smoker_producer.INFO  [x] Sent 'Time: 5/22/2024 12:26, Channel2: 60.9' to queue '02-roast-temp'.
2024-05-31 10:43:31,448.smoker_producer.INFO  [x] Sent 'Time: 5/22/2024 12:26, Channel3: 57.2' to queue '03-ribs-temp'.
2024-05-31 10:43:41,457.smoker_producer.INFO  [x] Sent 'Time: 5/22/2024 12:26, Channel1: 104.8' to queue '01-smoker-temp'.
2024-05-31 10:43:41,464.smoker_producer.INFO  [x] Sent 'Time: 5/22/2024 12:26, Channel2: 61.0' to queue '02-roast-temp'.
2024-05-31 10:43:41,472.smoker_producer.INFO  [x] Sent 'Time: 5/22/2024 12:26, Channel3: 57.3' to queue '03-ribs-temp'.
2024-05-31 10:43:51,482.smoker_producer.INFO  [x] Sent 'Time: 5/22/2024 12:27, Channel1: 108.2' to queue '01-smoker-temp'.
2024-05-31 10:43:51,488.smoker_producer.INFO  [x] Sent 'Time: 5/22/2024 12:27, Channel2: 61.1' to queue '02-roast-temp'.
2024-05-31 10:43:51,496.smoker_producer.INFO  [x] Sent 'Time: 5/22/2024 12:27, Channel3: 57.4' to queue '03-ribs-temp'.
2024-05-31 10:44:01,509.smoker_producer.INFO  [x] Sent 'Time: 5/22/2024 12:27, Channel1: 108.2' to queue '01-smoker-temp'.
2024-05-31 10:44:01,517.smoker_producer.INFO  [x] Sent 'Time: 5/22/2024 12:27, Channel2: 61.1' to queue '02-roast-temp'.
2024-05-31 10:44:01,527.smoker_producer.INFO  [x] Sent 'Time: 5/22/2024 12:27, Channel3: 57.5' to queue '03-ribs-temp'.
2024-05-31 10:44:11,540.smoker_producer.INFO  [x] Sent 'Time: 5/22/2024 12:28, Channel1: 111.4' to queue '01-smoker-temp'.
2024-05-31 10:44:11,546.smoker_producer.INFO  [x] Sent 'Time: 5/22/2024 12:28, Channel2: 61.2' to queue '02-roast-temp'.
2024-05-31 10:44:11,554.smoker_producer.INFO  [x] Sent 'Time: 5/22/2024 12:28, Channel3: 57.6' to queue '03-ribs-temp'.
2024-05-31 10:44:21,563.smoker_producer.INFO  [x] Sent 'Time: 5/22/2024 12:28, Channel1: 111.4' to queue '01-smoker-temp'.
2024-05-31 10:44:21,570.smoker_producer.INFO  [x] Sent 'Time: 5/22/2024 12:28, Channel2: 61.2' to queue '02-roast-temp'.
2024-05-31 10:44:21,596.smoker_producer.INFO  [x] Sent 'Time: 5/22/2024 12:28, Channel3: 57.7' to queue '03-ribs-temp'.
2024-05-31 10:44:31,606.smoker_producer.INFO  [x] Sent 'Time: 5/22/2024 12:29, Channel1: 114.2' to queue '01-smoker-temp'.
2024-05-31 10:44:31,613.smoker_producer.INFO  [x] Sent 'Time: 5/22/2024 12:29, Channel2: 61.3' to queue '02-roast-temp'.
2024-05-31 10:44:31,624.smoker_producer.INFO  [x] Sent 'Time: 5/22/2024 12:29, Channel3: 57.8' to queue '03-ribs-temp'.
2024-05-31 10:44:41,634.smoker_producer.INFO  [x] Sent 'Time: 5/22/2024 12:29, Channel1: 114.2' to queue '01-smoker-temp'.
2024-05-31 10:44:41,641.smoker_producer.INFO  [x] Sent 'Time: 5/22/2024 12:29, Channel2: 61.4' to queue '02-roast-temp'.
2024-05-31 10:44:41,648.smoker_producer.INFO  [x] Sent 'Time: 5/22/2024 12:29, Channel3: 57.9' to queue '03-ribs-temp'.
2024-05-31 10:44:51,659.smoker_producer.INFO  [x] Sent 'Time: 5/22/2024 12:30, Channel1: 116.9' to queue '01-smoker-temp'.
2024-05-31 10:44:51,668.smoker_producer.INFO  [x] Sent 'Time: 5/22/2024 12:30, Channel2: 61.4' to queue '02-roast-temp'.
2024-05-31 10:44:51,677.smoker_producer.INFO  [x] Sent 'Time: 5/22/2024 12:30, Channel3: 58.0' to queue '03-ribs-temp'.
2024-05-31 10:45:01,686.smoker_producer.INFO  [x] Sent 'Time: 5/22/2024 12:30, Channel1: 116.9' to queue '01-smoker-temp'.
2024-05-31 10:45:01,694.smoker_producer.INFO  [x] Sent 'Time: 5/22/2024 12:30, Channel2: 61.5' to queue '02-roast-temp'.
2024-05-31 10:45:01,704.smoker_producer.INFO  [x] Sent 'Time: 5/22/2024 12:30, Channel3: 58.0' to queue '03-ribs-temp'.
2024-05-31 10:45:11,717.smoker_producer.INFO  [x] Sent 'Time: 5/22/2024 12:31, Channel1: 119.4' to queue '01-smoker-temp'.
2024-05-31 10:45:11,723.smoker_producer.INFO  [x] Sent 'Time: 5/22/2024 12:31, Channel2: 61.5' to queue '02-roast-temp'.
2024-05-31 10:45:11,730.smoker_producer.INFO  [x] Sent 'Time: 5/22/2024 12:31, Channel3: 58.1' to queue '03-ribs-temp'.
2024-05-31 10:45:21,742.smoker_producer.INFO  [x] Sent 'Time: 5/22/2024 12:31, Channel1: 119.4' to queue '01-smoker-temp'.
2024-05-31 10:45:21,749.smoker_producer.INFO  [x] Sent 'Time: 5/22/2024 12:31, Channel2: 61.6' to queue '02-roast-temp'.
2024-05-31 10:45:21,757.smoker_producer.INFO  [x] Sent 'Time: 5/22/2024 12:31, Channel3: 58.2' to queue '03-ribs-temp'.
2024-05-31 10:45:31,769.smoker_producer.INFO  [x] Sent 'Time: 5/22/2024 12:32, Channel1: 120.1' to queue '01-smoker-temp'.
2024-05-31 10:45:31,776.smoker_producer.INFO  [x] Sent 'Time: 5/22/2024 12:32, Channel2: 61.7' to queue '02-roast-temp'.
2024-05-31 10:45:31,795.smoker_producer.INFO  [x] Sent 'Time: 5/22/2024 12:32, Channel3: 58.3' to queue '03-ribs-temp'.
2024-05-31 10:45:41,808.smoker_producer.INFO  [x] Sent 'Time: 5/22/2024 12:32, Channel1: 120.1' to queue '01-smoker-temp'.
2024-05-31 10:45:41,830.smoker_producer.INFO  [x] Sent 'Time: 5/22/2024 12:32, Channel2: 61.7' to queue '02-roast-temp'.
2024-05-31 10:45:41,839.smoker_producer.INFO  [x] Sent 'Time: 5/22/2024 12:32, Channel3: 58.4' to queue '03-ribs-temp'.
2024-05-31 10:45:51,851.smoker_producer.INFO  [x] Sent 'Time: 5/22/2024 12:33, Channel1: 106.2' to queue '01-smoker-temp'.
2024-05-31 10:45:51,857.smoker_producer.INFO  [x] Sent 'Time: 5/22/2024 12:33, Channel2: 61.8' to queue '02-roast-temp'.
2024-05-31 10:45:51,866.smoker_producer.INFO  [x] Sent 'Time: 5/22/2024 12:33, Channel3: 58.5' to queue '03-ribs-temp'.
2024-05-31 10:46:01,873.smoker_producer.INFO  [x] Sent 'Time: 5/22/2024 12:33, Channel1: 106.2' to queue '01-smoker-temp'.
2024-05-31 10:46:01,880.smoker_producer.INFO  [x] Sent 'Time: 5/22/2024 12:33, Channel2: 61.8' to queue '02-roast-temp'.
2024-05-31 10:46:01,889.smoker_producer.INFO  [x] Sent 'Time: 5/22/2024 12:33, Channel3: 58.6' to queue '03-ribs-temp'.
2024-05-31 10:46:11,898.smoker_producer.INFO  [x] Sent 'Time: 5/22/2024 12:34, Channel1: 103.5' to queue '01-smoker-temp'.
2024-05-31 10:46:11,904.smoker_producer.INFO  [x] Sent 'Time: 5/22/2024 12:34, Channel2: 61.9' to queue '02-roast-temp'.
2024-05-31 10:46:11,919.smoker_producer.INFO  [x] Sent 'Time: 5/22/2024 12:34, Channel3: 58.7' to queue '03-ribs-temp'.
2024-05-31 10:46:21,931.smoker_producer.INFO  [x] Sent 'Time: 5/22/2024 12:34, Channel1: 103.5' to queue '01-smoker-temp'.
2024-05-31 10:46:21,937.smoker_producer.INFO  [x] Sent 'Time: 5/22/2024 12:34, Channel2: 62.0' to queue '02-roast-temp'.
2024-05-31 10:46:21,946.smoker_producer.INFO  [x] Sent 'Time: 5/22/2024 12:34, Channel3: 58.8' to queue '03-ribs-temp'.
2024-05-31 10:46:31,959.smoker_producer.INFO  [x] Sent 'Time: 5/22/2024 12:35, Channel1: 105.3' to queue '01-smoker-temp'.
2024-05-31 10:46:31,969.smoker_producer.INFO  [x] Sent 'Time: 5/22/2024 12:35, Channel2: 62.0' to queue '02-roast-temp'.
2024-05-31 10:46:31,982.smoker_producer.INFO  [x] Sent 'Time: 5/22/2024 12:35, Channel3: 58.8' to queue '03-ribs-temp'.
2024-05-31 10:46:41,993.smoker_producer.INFO  [x] Sent 'Time: 5/22/2024 12:35, Channel1: 105.3' to queue '01-smoker-temp'.
2024-05-31 10:46:42,000.smoker_producer.INFO  [x] Sent 'Time: 5/22/2024 12:35, Channel2: 62.1' to queue '02-roast-temp'.
2024-05-31 10:46:42,013.smoker_producer.INFO  [x] Sent 'Time: 5/22/2024 12:35, Channel3: 58.9' to queue '03-ribs-temp'.
2024-05-31 10:46:52,022.smoker_producer.INFO  [x] Sent 'Time: 5/22/2024 12:36, Channel1: 106.9' to queue '01-smoker-temp'.
2024-05-31 10:46:52,029.smoker_producer.INFO  [x] Sent 'Time: 5/22/2024 12:36, Channel2: 62.1' to queue '02-roast-temp'.
2024-05-31 10:46:52,039.smoker_producer.INFO  [x] Sent 'Time: 5/22/2024 12:36, Channel3: 59.0' to queue '03-ribs-temp'.
2024-05-31 10:47:02,070.smoker_producer.INFO  [x] Sent 'Time: 5/22/2024 12:36, Channel1: 106.9' to queue '01-smoker-temp'.
2024-05-31 10:47:02,083.smoker_producer.INFO  [x] Sent 'Time: 5/22/2024 12:36, Channel2: 62.2' to queue '02-roast-temp'.
2024-05-31 10:47:02,093.smoker_producer.INFO  [x] Sent 'Time: 5/22/2024 12:36, Channel3: 59.1' to queue '03-ribs-temp'.
2024-05-31 10:47:12,104.smoker_producer.INFO  [x] Sent 'Time: 5/22/2024 12:37, Channel1: 111.9' to queue '01-smoker-temp'.
2024-05-31 10:47:12,110.smoker_producer.INFO  [x] Sent 'Time: 5/22/2024 12:37, Channel2: 62.3' to queue '02-roast-temp'.
2024-05-31 10:47:12,122.smoker_producer.INFO  [x] Sent 'Time: 5/22/2024 12:37, Channel3: 59.2' to queue '03-ribs-temp'.
2024-05-31 10:47:22,137.smoker_producer.INFO  [x] Sent 'Time: 5/22/2024 12:37, Channel1: 111.9' to queue '01-smoker-temp'.
2024-05-31 10:47:22,144.smoker_producer.INFO  [x] Sent 'Time: 5/22/2024 12:37, Channel2: 62.3' to queue '02-roast-temp'.
2024-05-31 10:47:22,154.smoker_producer.INFO  [x] Sent 'Time: 5/22/2024 12:37, Channel3: 59.3' to queue '03-ribs-temp'.
2024-05-31 10:47:32,167.smoker_producer.INFO  [x] Sent 'Time: 5/22/2024 12:38, Channel1: 114.2' to queue '01-smoker-temp'.
2024-05-31 10:47:32,176.smoker_producer.INFO  [x] Sent 'Time: 5/22/2024 12:38, Channel2: 62.4' to queue '02-roast-temp'.
2024-05-31 10:47:32,185.smoker_producer.INFO  [x] Sent 'Time: 5/22/2024 12:38, Channel3: 59.4' to queue '03-ribs-temp'.
2024-05-31 10:47:42,200.smoker_producer.INFO  [x] Sent 'Time: 5/22/2024 12:38, Channel1: 114.2' to queue '01-smoker-temp'.
2024-05-31 10:47:42,208.smoker_producer.INFO  [x] Sent 'Time: 5/22/2024 12:38, Channel2: 62.4' to queue '02-roast-temp'.
2024-05-31 10:47:42,219.smoker_producer.INFO  [x] Sent 'Time: 5/22/2024 12:38, Channel3: 59.5' to queue '03-ribs-temp'.
2024-05-31 10:47:52,233.smoker_producer.INFO  [x] Sent 'Time: 5/22/2024 12:39, Channel1: 115.5' to queue '01-smoker-temp'.
2024-05-31 10:47:52,241.smoker_producer.INFO  [x] Sent 'Time: 5/22/2024 12:39, Channel2: 62.5' to queue '02-roast-temp'.
2024-05-31 10:47:52,252.smoker_producer.INFO  [x] Sent 'Time: 5/22/2024 12:39, Channel3: 59.5' to queue '03-ribs-temp'.
2024-05-31 10:48:02,265.smoker_producer.INFO  [x] Sent 'Time: 5/22/2024 12:39, Channel1: 115.5' to queue '01-smoker-temp'.
2024-05-31 10:48:02,272.smoker_producer.INFO  [x] Sent 'Time: 5/22/2024 12:39, Channel2: 62.6' to queue '02-roast-temp'.
2024-05-31 10:48:02,293.smoker_producer.INFO  [x] Sent 'Time: 5/22/2024 12:39, Channel3: 59.6' to queue '03-ribs-temp'.
2024-05-31 10:48:12,306.smoker_producer.INFO  [x] Sent 'Time: 5/22/2024 12:40, Channel1: 112.6' to queue '01-smoker-temp'.
2024-05-31 10:48:12,315.smoker_producer.INFO  [x] Sent 'Time: 5/22/2024 12:40, Channel2: 62.6' to queue '02-roast-temp'.
2024-05-31 10:48:12,326.smoker_producer.INFO  [x] Sent 'Time: 5/22/2024 12:40, Channel3: 59.7' to queue '03-ribs-temp'.
2024-05-31 10:48:22,336.smoker_producer.INFO  [x] Sent 'Time: 5/22/2024 12:40, Channel1: 112.6' to queue '01-smoker-temp'.
2024-05-31 10:48:22,346.smoker_producer.INFO  [x] Sent 'Time: 5/22/2024 12:40, Channel2: 62.7' to queue '02-roast-temp'.
2024-05-31 10:48:22,357.smoker_producer.INFO  [x] Sent 'Time: 5/22/2024 12:40, Channel3: 59.8' to queue '03-ribs-temp'.
2024-05-31 10:48:32,370.smoker_producer.INFO  [x] Sent 'Time: 5/22/2024 12:41, Channel1: 118.8' to queue '01-smoker-temp'.
2024-05-31 10:48:32,378.smoker_producer.INFO  [x] Sent 'Time: 5/22/2024 12:41, Channel2: 62.7' to queue '02-roast-temp'.
2024-05-31 10:48:32,392.smoker_producer.INFO  [x] Sent 'Time: 5/22/2024 12:41, Channel3: 59.9' to queue '03-ribs-temp'.
2024-05-31 10:48:42,399.smoker_producer.INFO  [x] Sent 'Time: 5/22/2024 12:41, Channel1: 118.8' to queue '01-smoker-temp'.
2024-05-31 10:48:42,403.smoker_producer.INFO  [x] Sent 'Time: 5/22/2024 12:41, Channel2: 62.8' to queue '02-roast-temp'.
2024-05-31 10:48:42,412.smoker_producer.INFO  [x] Sent 'Time: 5/22/2024 12:41, Channel3: 60.0' to queue '03-ribs-temp'.
2024-05-31 10:48:52,424.smoker_producer.INFO  [x] Sent 'Time: 5/22/2024 12:42, Channel1: 113.2' to queue '01-smoker-temp'.
2024-05-31 10:48:52,432.smoker_producer.INFO  [x] Sent 'Time: 5/22/2024 12:42, Channel2: 62.9' to queue '02-roast-temp'.
2024-05-31 10:48:52,441.smoker_producer.INFO  [x] Sent 'Time: 5/22/2024 12:42, Channel3: 60.1' to queue '03-ribs-temp'.
2024-05-31 10:49:02,456.smoker_producer.INFO  [x] Sent 'Time: 5/22/2024 12:42, Channel1: 113.2' to queue '01-smoker-temp'.
2024-05-31 10:49:02,469.smoker_producer.INFO  [x] Sent 'Time: 5/22/2024 12:42, Channel2: 62.9' to queue '02-roast-temp'.
2024-05-31 10:49:02,478.smoker_producer.INFO  [x] Sent 'Time: 5/22/2024 12:42, Channel3: 60.2' to queue '03-ribs-temp'.
2024-05-31 10:49:12,492.smoker_producer.INFO  [x] Sent 'Time: 5/22/2024 12:43, Channel1: 126.7' to queue '01-smoker-temp'.
2024-05-31 10:49:12,498.smoker_producer.INFO  [x] Sent 'Time: 5/22/2024 12:43, Channel2: 63.0' to queue '02-roast-temp'.
2024-05-31 10:49:12,518.smoker_producer.INFO  [x] Sent 'Time: 5/22/2024 12:43, Channel3: 60.3' to queue '03-ribs-temp'.
2024-05-31 10:49:22,529.smoker_producer.INFO  [x] Sent 'Time: 5/22/2024 12:43, Channel1: 126.7' to queue '01-smoker-temp'.
2024-05-31 10:49:22,536.smoker_producer.INFO  [x] Sent 'Time: 5/22/2024 12:43, Channel2: 63.0' to queue '02-roast-temp'.
2024-05-31 10:49:22,550.smoker_producer.INFO  [x] Sent 'Time: 5/22/2024 12:43, Channel3: 60.3' to queue '03-ribs-temp'.
2024-05-31 10:49:32,560.smoker_producer.INFO  [x] Sent 'Time: 5/22/2024 12:44, Channel1: 130.0' to queue '01-smoker-temp'.
2024-05-31 10:49:32,568.smoker_producer.INFO  [x] Sent 'Time: 5/22/2024 12:44, Channel2: 63.1' to queue '02-roast-temp'.
2024-05-31 10:49:32,578.smoker_producer.INFO  [x] Sent 'Time: 5/22/2024 12:44, Channel3: 60.4' to queue '03-ribs-temp'.
2024-05-31 10:49:42,590.smoker_producer.INFO  [x] Sent 'Time: 5/22/2024 12:44, Channel1: 130.0' to queue '01-smoker-temp'.
2024-05-31 10:49:42,598.smoker_producer.INFO  [x] Sent 'Time: 5/22/2024 12:44, Channel2: 63.2' to queue '02-roast-temp'.
2024-05-31 10:49:42,608.smoker_producer.INFO  [x] Sent 'Time: 5/22/2024 12:44, Channel3: 60.5' to queue '03-ribs-temp'.
2024-05-31 10:49:52,621.smoker_producer.INFO  [x] Sent 'Time: 5/22/2024 12:45, Channel1: 130.0' to queue '01-smoker-temp'.
2024-05-31 10:49:52,627.smoker_producer.INFO  [x] Sent 'Time: 5/22/2024 12:45, Channel2: 63.2' to queue '02-roast-temp'.
2024-05-31 10:49:52,638.smoker_producer.INFO  [x] Sent 'Time: 5/22/2024 12:45, Channel3: 60.6' to queue '03-ribs-temp'.
2024-05-31 10:50:02,652.smoker_producer.INFO  [x] Sent 'Time: 5/22/2024 12:45, Channel1: 130.0' to queue '01-smoker-temp'.
2024-05-31 10:50:02,659.smoker_producer.INFO  [x] Sent 'Time: 5/22/2024 12:45, Channel2: 63.3' to queue '02-roast-temp'.
2024-05-31 10:50:02,672.smoker_producer.INFO  [x] Sent 'Time: 5/22/2024 12:45, Channel3: 60.7' to queue '03-ribs-temp'.
2024-05-31 10:50:12,690.smoker_producer.INFO  [x] Sent 'Time: 5/22/2024 12:46, Channel1: 137.3' to queue '01-smoker-temp'.
2024-05-31 10:50:12,698.smoker_producer.INFO  [x] Sent 'Time: 5/22/2024 12:46, Channel2: 63.3' to queue '02-roast-temp'.
2024-05-31 10:50:12,704.smoker_producer.INFO  [x] Sent 'Time: 5/22/2024 12:46, Channel3: 60.8' to queue '03-ribs-temp'.
2024-05-31 10:50:22,716.smoker_producer.INFO  [x] Sent 'Time: 5/22/2024 12:46, Channel1: 137.3' to queue '01-smoker-temp'.
2024-05-31 10:50:22,724.smoker_producer.INFO  [x] Sent 'Time: 5/22/2024 12:46, Channel2: 63.4' to queue '02-roast-temp'.
2024-05-31 10:50:22,738.smoker_producer.INFO  [x] Sent 'Time: 5/22/2024 12:46, Channel3: 60.9' to queue '03-ribs-temp'.
2024-05-31 10:50:32,753.smoker_producer.INFO  [x] Sent 'Time: 5/22/2024 12:47, Channel1: 139.5' to queue '01-smoker-temp'.
2024-05-31 10:50:32,760.smoker_producer.INFO  [x] Sent 'Time: 5/22/2024 12:47, Channel2: 63.5' to queue '02-roast-temp'.
2024-05-31 10:50:32,771.smoker_producer.INFO  [x] Sent 'Time: 5/22/2024 12:47, Channel3: 61.0' to queue '03-ribs-temp'.
2024-05-31 10:50:42,786.smoker_producer.INFO  [x] Sent 'Time: 5/22/2024 12:47, Channel1: 139.5' to queue '01-smoker-temp'.
2024-05-31 10:50:42,792.smoker_producer.INFO  [x] Sent 'Time: 5/22/2024 12:47, Channel2: 63.5' to queue '02-roast-temp'.
2024-05-31 10:50:42,805.smoker_producer.INFO  [x] Sent 'Time: 5/22/2024 12:47, Channel3: 61.1' to queue '03-ribs-temp'.
2024-05-31 10:50:52,839.smoker_producer.INFO  [x] Sent 'Time: 5/22/2024 12:48, Channel1: 141.8' to queue '01-smoker-temp'.
2024-05-31 10:50:52,850.smoker_producer.INFO  [x] Sent 'Time: 5/22/2024 12:48, Channel2: 63.6' to queue '02-roast-temp'.
2024-05-31 10:50:52,863.smoker_producer.INFO  [x] Sent 'Time: 5/22/2024 12:48, Channel3: 61.1' to queue '03-ribs-temp'.
2024-05-31 10:51:02,879.smoker_producer.INFO  [x] Sent 'Time: 5/22/2024 12:48, Channel1: 141.8' to queue '01-smoker-temp'.
2024-05-31 10:51:02,887.smoker_producer.INFO  [x] Sent 'Time: 5/22/2024 12:48, Channel2: 63.6' to queue '02-roast-temp'.
2024-05-31 10:51:02,899.smoker_producer.INFO  [x] Sent 'Time: 5/22/2024 12:48, Channel3: 61.2' to queue '03-ribs-temp'.
2024-05-31 10:51:12,914.smoker_producer.INFO  [x] Sent 'Time: 5/22/2024 12:49, Channel1: 143.6' to queue '01-smoker-temp'.
2024-05-31 10:51:12,920.smoker_producer.INFO  [x] Sent 'Time: 5/22/2024 12:49, Channel2: 63.7' to queue '02-roast-temp'.
2024-05-31 10:51:12,931.smoker_producer.INFO  [x] Sent 'Time: 5/22/2024 12:49, Channel3: 61.3' to queue '03-ribs-temp'.
2024-05-31 10:51:22,943.smoker_producer.INFO  [x] Sent 'Time: 5/22/2024 12:49, Channel1: 143.6' to queue '01-smoker-temp'.
2024-05-31 10:51:22,951.smoker_producer.INFO  [x] Sent 'Time: 5/22/2024 12:49, Channel2: 63.8' to queue '02-roast-temp'.
2024-05-31 10:51:22,984.smoker_producer.INFO  [x] Sent 'Time: 5/22/2024 12:49, Channel3: 61.4' to queue '03-ribs-temp'.
2024-05-31 10:51:32,996.smoker_producer.INFO  [x] Sent 'Time: 5/22/2024 12:50, Channel1: 145.0' to queue '01-smoker-temp'.
2024-05-31 10:51:33,004.smoker_producer.INFO  [x] Sent 'Time: 5/22/2024 12:50, Channel2: 63.8' to queue '02-roast-temp'.
2024-05-31 10:51:33,012.smoker_producer.INFO  [x] Sent 'Time: 5/22/2024 12:50, Channel3: 61.5' to queue '03-ribs-temp'.
2024-05-31 10:51:43,024.smoker_producer.INFO  [x] Sent 'Time: 5/22/2024 12:50, Channel1: 145.0' to queue '01-smoker-temp'.
2024-05-31 10:51:43,046.smoker_producer.INFO  [x] Sent 'Time: 5/22/2024 12:50, Channel2: 63.9' to queue '02-roast-temp'.
2024-05-31 10:51:43,054.smoker_producer.INFO  [x] Sent 'Time: 5/22/2024 12:50, Channel3: 61.6' to queue '03-ribs-temp'.
2024-05-31 10:51:53,071.smoker_producer.INFO  [x] Sent 'Time: 5/22/2024 12:51, Channel1: 146.2' to queue '01-smoker-temp'.
2024-05-31 10:51:53,077.smoker_producer.INFO  [x] Sent 'Time: 5/22/2024 12:51, Channel2: 63.9' to queue '02-roast-temp'.
2024-05-31 10:51:53,084.smoker_producer.INFO  [x] Sent 'Time: 5/22/2024 12:51, Channel3: 61.7' to queue '03-ribs-temp'.
2024-05-31 10:52:03,098.smoker_producer.INFO  [x] Sent 'Time: 5/22/2024 12:51, Channel1: 146.2' to queue '01-smoker-temp'.
2024-05-31 10:52:03,106.smoker_producer.INFO  [x] Sent 'Time: 5/22/2024 12:51, Channel2: 64.0' to queue '02-roast-temp'.
2024-05-31 10:52:03,119.smoker_producer.INFO  [x] Sent 'Time: 5/22/2024 12:51, Channel3: 61.8' to queue '03-ribs-temp'.
2024-05-31 10:52:13,133.smoker_producer.INFO  [x] Sent 'Time: 5/22/2024 12:52, Channel1: 147.5' to queue '01-smoker-temp'.
2024-05-31 10:52:13,144.smoker_producer.INFO  [x] Sent 'Time: 5/22/2024 12:52, Channel2: 64.1' to queue '02-roast-temp'.
2024-05-31 10:52:13,156.smoker_producer.INFO  [x] Sent 'Time: 5/22/2024 12:52, Channel3: 61.9' to queue '03-ribs-temp'.
2024-05-31 10:52:23,163.smoker_producer.INFO  [x] Sent 'Time: 5/22/2024 12:52, Channel1: 147.5' to queue '01-smoker-temp'.
2024-05-31 10:52:23,169.smoker_producer.INFO  [x] Sent 'Time: 5/22/2024 12:52, Channel2: 64.1' to queue '02-roast-temp'.
2024-05-31 10:52:23,180.smoker_producer.INFO  [x] Sent 'Time: 5/22/2024 12:52, Channel3: 61.9' to queue '03-ribs-temp'.
2024-05-31 10:52:33,189.smoker_producer.INFO  [x] Sent 'Time: 5/22/2024 12:53, Channel1: 148.7' to queue '01-smoker-temp'.
2024-05-31 10:52:33,198.smoker_producer.INFO  [x] Sent 'Time: 5/22/2024 12:53, Channel2: 64.2' to queue '02-roast-temp'.
2024-05-31 10:52:33,209.smoker_producer.INFO  [x] Sent 'Time: 5/22/2024 12:53, Channel3: 62.0' to queue '03-ribs-temp'.
2024-05-31 10:52:43,227.smoker_producer.INFO  [x] Sent 'Time: 5/22/2024 12:53, Channel1: 148.7' to queue '01-smoker-temp'.
2024-05-31 10:52:43,234.smoker_producer.INFO  [x] Sent 'Time: 5/22/2024 12:53, Channel2: 64.2' to queue '02-roast-temp'.
2024-05-31 10:52:43,246.smoker_producer.INFO  [x] Sent 'Time: 5/22/2024 12:53, Channel3: 62.1' to queue '03-ribs-temp'.
2024-05-31 10:52:53,256.smoker_producer.INFO  [x] Sent 'Time: 5/22/2024 12:54, Channel1: 149.9' to queue '01-smoker-temp'.
2024-05-31 10:52:53,264.smoker_producer.INFO  [x] Sent 'Time: 5/22/2024 12:54, Channel2: 64.3' to queue '02-roast-temp'.
2024-05-31 10:52:53,274.smoker_producer.INFO  [x] Sent 'Time: 5/22/2024 12:54, Channel3: 62.2' to queue '03-ribs-temp'.
2024-05-31 10:53:03,290.smoker_producer.INFO  [x] Sent 'Time: 5/22/2024 12:54, Channel1: 149.9' to queue '01-smoker-temp'.
2024-05-31 10:53:03,299.smoker_producer.INFO  [x] Sent 'Time: 5/22/2024 12:54, Channel2: 64.4' to queue '02-roast-temp'.
2024-05-31 10:53:03,312.smoker_producer.INFO  [x] Sent 'Time: 5/22/2024 12:54, Channel3: 62.3' to queue '03-ribs-temp'.
2024-05-31 10:53:13,322.smoker_producer.INFO  [x] Sent 'Time: 5/22/2024 12:55, Channel1: 151.1' to queue '01-smoker-temp'.
2024-05-31 10:53:13,327.smoker_producer.INFO  [x] Sent 'Time: 5/22/2024 12:55, Channel2: 64.4' to queue '02-roast-temp'.
2024-05-31 10:53:13,336.smoker_producer.INFO  [x] Sent 'Time: 5/22/2024 12:55, Channel3: 62.4' to queue '03-ribs-temp'.
2024-05-31 10:53:23,351.smoker_producer.INFO  [x] Sent 'Time: 5/22/2024 12:55, Channel1: 151.2' to queue '01-smoker-temp'.
2024-05-31 10:53:23,359.smoker_producer.INFO  [x] Sent 'Time: 5/22/2024 12:55, Channel2: 64.5' to queue '02-roast-temp'.
2024-05-31 10:53:23,369.smoker_producer.INFO  [x] Sent 'Time: 5/22/2024 12:55, Channel3: 62.5' to queue '03-ribs-temp'.
2024-05-31 10:53:33,384.smoker_producer.INFO  [x] Sent 'Time: 5/22/2024 12:55, Channel1: 151.2' to queue '01-smoker-temp'.
2024-05-31 10:53:33,395.smoker_producer.INFO  [x] Sent 'Time: 5/22/2024 12:55, Channel2: 64.5' to queue '02-roast-temp'.
2024-05-31 10:53:33,406.smoker_producer.INFO  [x] Sent 'Time: 5/22/2024 12:55, Channel3: 62.6' to queue '03-ribs-temp'.
2024-05-31 10:53:43,418.smoker_producer.INFO  [x] Sent 'Time: 5/22/2024 12:56, Channel1: 152.4' to queue '01-smoker-temp'.
2024-05-31 10:53:43,424.smoker_producer.INFO  [x] Sent 'Time: 5/22/2024 12:56, Channel2: 64.6' to queue '02-roast-temp'.
2024-05-31 10:53:43,434.smoker_producer.INFO  [x] Sent 'Time: 5/22/2024 12:56, Channel3: 62.6' to queue '03-ribs-temp'.
2024-05-31 10:53:53,451.smoker_producer.INFO  [x] Sent 'Time: 5/22/2024 12:56, Channel1: 152.4' to queue '01-smoker-temp'.
2024-05-31 10:53:53,460.smoker_producer.INFO  [x] Sent 'Time: 5/22/2024 12:56, Channel2: 64.7' to queue '02-roast-temp'.
2024-05-31 10:53:53,469.smoker_producer.INFO  [x] Sent 'Time: 5/22/2024 12:56, Channel3: 62.7' to queue '03-ribs-temp'.
2024-05-31 10:54:03,488.smoker_producer.INFO  [x] Sent 'Time: 5/22/2024 12:57, Channel1: 153.4' to queue '01-smoker-temp'.
2024-05-31 10:54:03,500.smoker_producer.INFO  [x] Sent 'Time: 5/22/2024 12:57, Channel2: 64.7' to queue '02-roast-temp'.
2024-05-31 10:54:03,508.smoker_producer.INFO  [x] Sent 'Time: 5/22/2024 12:57, Channel3: 62.8' to queue '03-ribs-temp'.
2024-05-31 10:54:13,520.smoker_producer.INFO  [x] Sent 'Time: 5/22/2024 12:57, Channel1: 153.4' to queue '01-smoker-temp'.
2024-05-31 10:54:13,530.smoker_producer.INFO  [x] Sent 'Time: 5/22/2024 12:57, Channel2: 64.8' to queue '02-roast-temp'.
2024-05-31 10:54:13,536.smoker_producer.INFO  [x] Sent 'Time: 5/22/2024 12:57, Channel3: 62.9' to queue '03-ribs-temp'.
2024-05-31 10:54:23,552.smoker_producer.INFO  [x] Sent 'Time: 5/22/2024 12:58, Channel1: 154.5' to queue '01-smoker-temp'.
2024-05-31 10:54:23,565.smoker_producer.INFO  [x] Sent 'Time: 5/22/2024 12:58, Channel2: 64.8' to queue '02-roast-temp'.
2024-05-31 10:54:23,571.smoker_producer.INFO  [x] Sent 'Time: 5/22/2024 12:58, Channel3: 63.0' to queue '03-ribs-temp'.
2024-05-31 10:54:33,586.smoker_producer.INFO  [x] Sent 'Time: 5/22/2024 12:58, Channel1: 154.5' to queue '01-smoker-temp'.
2024-05-31 10:54:33,594.smoker_producer.INFO  [x] Sent 'Time: 5/22/2024 12:58, Channel2: 64.9' to queue '02-roast-temp'.
2024-05-31 10:54:33,600.smoker_producer.INFO  [x] Sent 'Time: 5/22/2024 12:58, Channel3: 63.1' to queue '03-ribs-temp'.
2024-05-31 10:54:43,615.smoker_producer.INFO  [x] Sent 'Time: 5/22/2024 12:59, Channel1: 155.6' to queue '01-smoker-temp'.
2024-05-31 10:54:43,623.smoker_producer.INFO  [x] Sent 'Time: 5/22/2024 12:59, Channel2: 65.0' to queue '02-roast-temp'.
2024-05-31 10:54:43,631.smoker_producer.INFO  [x] Sent 'Time: 5/22/2024 12:59, Channel3: 63.2' to queue '03-ribs-temp'.
2024-05-31 10:54:53,644.smoker_producer.INFO  [x] Sent 'Time: 5/22/2024 12:59, Channel1: 155.6' to queue '01-smoker-temp'.
2024-05-31 10:54:53,653.smoker_producer.INFO  [x] Sent 'Time: 5/22/2024 12:59, Channel2: 65.0' to queue '02-roast-temp'.
2024-05-31 10:54:53,661.smoker_producer.INFO  [x] Sent 'Time: 5/22/2024 12:59, Channel3: 63.3' to queue '03-ribs-temp'.
2024-05-31 10:55:03,674.smoker_producer.INFO  [x] Sent 'Time: 5/22/2024 13:00, Channel1: 156.5' to queue '01-smoker-temp'.
2024-05-31 10:55:03,682.smoker_producer.INFO  [x] Sent 'Time: 5/22/2024 13:00, Channel2: 65.1' to queue '02-roast-temp'.
2024-05-31 10:55:03,693.smoker_producer.INFO  [x] Sent 'Time: 5/22/2024 13:00, Channel3: 63.4' to queue '03-ribs-temp'.
2024-05-31 10:55:13,704.smoker_producer.INFO  [x] Sent 'Time: 5/22/2024 13:00, Channel1: 156.5' to queue '01-smoker-temp'.
2024-05-31 10:55:13,711.smoker_producer.INFO  [x] Sent 'Time: 5/22/2024 13:00, Channel2: 65.1' to queue '02-roast-temp'.
2024-05-31 10:55:13,725.smoker_producer.INFO  [x] Sent 'Time: 5/22/2024 13:00, Channel3: 63.4' to queue '03-ribs-temp'.
2024-05-31 10:55:23,740.smoker_producer.INFO  [x] Sent 'Time: 5/22/2024 13:01, Channel1: 157.8' to queue '01-smoker-temp'.
2024-05-31 10:55:23,749.smoker_producer.INFO  [x] Sent 'Time: 5/22/2024 13:01, Channel2: 65.2' to queue '02-roast-temp'.
2024-05-31 10:55:23,756.smoker_producer.INFO  [x] Sent 'Time: 5/22/2024 13:01, Channel3: 63.5' to queue '03-ribs-temp'.
2024-05-31 10:55:33,768.smoker_producer.INFO  [x] Sent 'Time: 5/22/2024 13:01, Channel1: 157.8' to queue '01-smoker-temp'.
2024-05-31 10:55:33,775.smoker_producer.INFO  [x] Sent 'Time: 5/22/2024 13:01, Channel2: 65.3' to queue '02-roast-temp'.
2024-05-31 10:55:33,782.smoker_producer.INFO  [x] Sent 'Time: 5/22/2024 13:01, Channel3: 63.6' to queue '03-ribs-temp'.
2024-05-31 10:55:43,790.smoker_producer.INFO  [x] Sent 'Time: 5/22/2024 13:02, Channel1: 158.8' to queue '01-smoker-temp'.
2024-05-31 10:55:43,819.smoker_producer.INFO  [x] Sent 'Time: 5/22/2024 13:02, Channel2: 65.3' to queue '02-roast-temp'.
2024-05-31 10:55:43,831.smoker_producer.INFO  [x] Sent 'Time: 5/22/2024 13:02, Channel3: 63.7' to queue '03-ribs-temp'.
2024-05-31 10:55:53,860.smoker_producer.INFO  [x] Sent 'Time: 5/22/2024 13:02, Channel1: 158.8' to queue '01-smoker-temp'.
2024-05-31 10:55:53,866.smoker_producer.INFO  [x] Sent 'Time: 5/22/2024 13:02, Channel2: 65.4' to queue '02-roast-temp'.
2024-05-31 10:55:53,874.smoker_producer.INFO  [x] Sent 'Time: 5/22/2024 13:02, Channel3: 63.8' to queue '03-ribs-temp'.
2024-05-31 10:56:03,887.smoker_producer.INFO  [x] Sent 'Time: 5/22/2024 13:03, Channel1: 159.9' to queue '01-smoker-temp'.
2024-05-31 10:56:03,898.smoker_producer.INFO  [x] Sent 'Time: 5/22/2024 13:03, Channel2: 65.4' to queue '02-roast-temp'.
2024-05-31 10:56:03,928.smoker_producer.INFO  [x] Sent 'Time: 5/22/2024 13:03, Channel3: 63.9' to queue '03-ribs-temp'.
2024-05-31 10:56:13,942.smoker_producer.INFO  [x] Sent 'Time: 5/22/2024 13:03, Channel1: 159.9' to queue '01-smoker-temp'.
2024-05-31 10:56:13,950.smoker_producer.INFO  [x] Sent 'Time: 5/22/2024 13:03, Channel2: 65.5' to queue '02-roast-temp'.
2024-05-31 10:56:13,958.smoker_producer.INFO  [x] Sent 'Time: 5/22/2024 13:03, Channel3: 64.0' to queue '03-ribs-temp'.
2024-05-31 10:56:23,974.smoker_producer.INFO  [x] Sent 'Time: 5/22/2024 13:04, Channel1: 160.7' to queue '01-smoker-temp'.
2024-05-31 10:56:23,982.smoker_producer.INFO  [x] Sent 'Time: 5/22/2024 13:04, Channel2: 65.6' to queue '02-roast-temp'.
2024-05-31 10:56:23,992.smoker_producer.INFO  [x] Sent 'Time: 5/22/2024 13:04, Channel3: 64.1' to queue '03-ribs-temp'.
2024-05-31 10:56:34,005.smoker_producer.INFO  [x] Sent 'Time: 5/22/2024 13:04, Channel1: 160.7' to queue '01-smoker-temp'.
2024-05-31 10:56:34,017.smoker_producer.INFO  [x] Sent 'Time: 5/22/2024 13:04, Channel2: 65.6' to queue '02-roast-temp'.
2024-05-31 10:56:34,025.smoker_producer.INFO  [x] Sent 'Time: 5/22/2024 13:04, Channel3: 64.2' to queue '03-ribs-temp'.
2024-05-31 10:56:44,044.smoker_producer.INFO  [x] Sent 'Time: 5/22/2024 13:05, Channel1: 161.9' to queue '01-smoker-temp'.
2024-05-31 10:56:44,049.smoker_producer.INFO  [x] Sent 'Time: 5/22/2024 13:05, Channel2: 65.7' to queue '02-roast-temp'.
2024-05-31 10:56:44,059.smoker_producer.INFO  [x] Sent 'Time: 5/22/2024 13:05, Channel3: 64.2' to queue '03-ribs-temp'.
2024-05-31 10:56:54,072.smoker_producer.INFO  [x] Sent 'Time: 5/22/2024 13:05, Channel1: 161.9' to queue '01-smoker-temp'.
2024-05-31 10:56:54,082.smoker_producer.INFO  [x] Sent 'Time: 5/22/2024 13:05, Channel2: 65.7' to queue '02-roast-temp'.
2024-05-31 10:56:54,090.smoker_producer.INFO  [x] Sent 'Time: 5/22/2024 13:05, Channel3: 64.3' to queue '03-ribs-temp'.
2024-05-31 10:57:04,102.smoker_producer.INFO  [x] Sent 'Time: 5/22/2024 13:06, Channel1: 163.1' to queue '01-smoker-temp'.
2024-05-31 10:57:04,110.smoker_producer.INFO  [x] Sent 'Time: 5/22/2024 13:06, Channel2: 65.8' to queue '02-roast-temp'.
2024-05-31 10:57:04,118.smoker_producer.INFO  [x] Sent 'Time: 5/22/2024 13:06, Channel3: 64.4' to queue '03-ribs-temp'.
2024-05-31 10:57:14,132.smoker_producer.INFO  [x] Sent 'Time: 5/22/2024 13:06, Channel1: 163.1' to queue '01-smoker-temp'.
2024-05-31 10:57:14,140.smoker_producer.INFO  [x] Sent 'Time: 5/22/2024 13:06, Channel2: 65.9' to queue '02-roast-temp'.
2024-05-31 10:57:14,151.smoker_producer.INFO  [x] Sent 'Time: 5/22/2024 13:06, Channel3: 64.5' to queue '03-ribs-temp'.
2024-05-31 10:57:24,167.smoker_producer.INFO  [x] Sent 'Time: 5/22/2024 13:07, Channel1: 164.3' to queue '01-smoker-temp'.
2024-05-31 10:57:24,173.smoker_producer.INFO  [x] Sent 'Time: 5/22/2024 13:07, Channel2: 65.9' to queue '02-roast-temp'.
2024-05-31 10:57:24,198.smoker_producer.INFO  [x] Sent 'Time: 5/22/2024 13:07, Channel3: 64.6' to queue '03-ribs-temp'.
2024-05-31 10:57:34,209.smoker_producer.INFO  [x] Sent 'Time: 5/22/2024 13:07, Channel1: 164.3' to queue '01-smoker-temp'.
2024-05-31 10:57:34,215.smoker_producer.INFO  [x] Sent 'Time: 5/22/2024 13:07, Channel2: 66.0' to queue '02-roast-temp'.
2024-05-31 10:57:34,223.smoker_producer.INFO  [x] Sent 'Time: 5/22/2024 13:07, Channel3: 64.7' to queue '03-ribs-temp'.
2024-05-31 10:57:44,239.smoker_producer.INFO  [x] Sent 'Time: 5/22/2024 13:08, Channel1: 165.6' to queue '01-smoker-temp'.
2024-05-31 10:57:44,246.smoker_producer.INFO  [x] Sent 'Time: 5/22/2024 13:08, Channel2: 66.0' to queue '02-roast-temp'.
2024-05-31 10:57:44,255.smoker_producer.INFO  [x] Sent 'Time: 5/22/2024 13:08, Channel3: 64.8' to queue '03-ribs-temp'.
2024-05-31 10:57:54,271.smoker_producer.INFO  [x] Sent 'Time: 5/22/2024 13:08, Channel1: 165.6' to queue '01-smoker-temp'.
2024-05-31 10:57:54,281.smoker_producer.INFO  [x] Sent 'Time: 5/22/2024 13:08, Channel2: 66.1' to queue '02-roast-temp'.
2024-05-31 10:57:54,290.smoker_producer.INFO  [x] Sent 'Time: 5/22/2024 13:08, Channel3: 64.9' to queue '03-ribs-temp'.
2024-05-31 10:58:04,311.smoker_producer.INFO  [x] Sent 'Time: 5/22/2024 13:09, Channel1: 166.7' to queue '01-smoker-temp'.
2024-05-31 10:58:04,323.smoker_producer.INFO  [x] Sent 'Time: 5/22/2024 13:09, Channel2: 66.2' to queue '02-roast-temp'.
2024-05-31 10:58:04,334.smoker_producer.INFO  [x] Sent 'Time: 5/22/2024 13:09, Channel3: 65.0' to queue '03-ribs-temp'.
2024-05-31 10:58:14,344.smoker_producer.INFO  [x] Sent 'Time: 5/22/2024 13:09, Channel1: 166.7' to queue '01-smoker-temp'.
2024-05-31 10:58:14,350.smoker_producer.INFO  [x] Sent 'Time: 5/22/2024 13:09, Channel2: 66.2' to queue '02-roast-temp'.
2024-05-31 10:58:14,356.smoker_producer.INFO  [x] Sent 'Time: 5/22/2024 13:09, Channel3: 65.0' to queue '03-ribs-temp'.
2024-05-31 10:58:24,366.smoker_producer.INFO  [x] Sent 'Time: 5/22/2024 13:10, Channel1: 167.8' to queue '01-smoker-temp'.
2024-05-31 10:58:24,370.smoker_producer.INFO  [x] Sent 'Time: 5/22/2024 13:10, Channel2: 66.3' to queue '02-roast-temp'.
2024-05-31 10:58:24,379.smoker_producer.INFO  [x] Sent 'Time: 5/22/2024 13:10, Channel3: 65.1' to queue '03-ribs-temp'.
